2022-01-16-16:18:01.754 INFO [main]-org.springframework.boot.StartupInfoLogger:55>>Starting ApiApplication using Java 1.8.0_241 on dell with PID 36484 (G:\fm\03-锋迷商城-项目源码\my-fmmall\api\target\classes started by aa in G:\fm\03-锋迷商城-项目源码\my-fmmall)
2022-01-16-16:18:01.759 INFO [main]-org.springframework.boot.SpringApplication:662>>No active profile set, falling back to default profiles: default
2022-01-16-16:18:03.121 WARN [main]-org.mybatis.logging.Logger:44>>No MyBatis mapper was found in '[com.qfedu.fmmall]' package. Please check your configuration.
2022-01-16-16:18:03.540 INFO [main]-org.springframework.boot.web.embedded.tomcat.TomcatWebServer:108>>Tomcat initialized with port(s): 8080 (http)
2022-01-16-16:18:03.551 INFO [main]-org.apache.juli.logging.DirectJDKLog:173>>Initializing ProtocolHandler ["http-nio-8080"]
2022-01-16-16:18:03.552 INFO [main]-org.apache.juli.logging.DirectJDKLog:173>>Starting service [Tomcat]
2022-01-16-16:18:03.552 INFO [main]-org.apache.juli.logging.DirectJDKLog:173>>Starting Servlet engine: [Apache Tomcat/9.0.44]
2022-01-16-16:18:03.661 INFO [main]-org.apache.juli.logging.DirectJDKLog:173>>Initializing Spring embedded WebApplicationContext
2022-01-16-16:18:03.662 INFO [main]-org.springframework.boot.web.servlet.context.ServletWebServerApplicationContext:289>>Root WebApplicationContext: initialization completed in 1830 ms
2022-01-16-16:18:03.742 INFO [main]-com.alibaba.druid.spring.boot.autoconfigure.DruidDataSourceAutoConfigure:56>>Init DruidDataSource
2022-01-16-16:18:03.846 INFO [main]-com.alibaba.druid.pool.DruidDataSource:994>>{dataSource-1} inited
2022-01-16-16:18:05.092 INFO [main]-springfox.documentation.spring.web.PropertySourcedRequestMappingHandlerMapping:69>>Mapped URL path [/v2/api-docs] onto method [springfox.documentation.swagger2.web.Swagger2Controller#getDocumentation(String, HttpServletRequest)]
2022-01-16-16:18:05.193 INFO [main]-org.springframework.scheduling.concurrent.ExecutorConfigurationSupport:181>>Initializing ExecutorService 'applicationTaskExecutor'
2022-01-16-16:18:05.307 INFO [main]-tk.mybatis.mapper.autoconfigure.MapperCacheDisabler:60>>Clear tk.mybatis.mapper.util.MsUtil CLASS_CACHE cache.
2022-01-16-16:18:05.308 INFO [main]-tk.mybatis.mapper.autoconfigure.MapperCacheDisabler:60>>Clear tk.mybatis.mapper.genid.GenIdUtil CACHE cache.
2022-01-16-16:18:05.308 INFO [main]-tk.mybatis.mapper.autoconfigure.MapperCacheDisabler:60>>Clear tk.mybatis.mapper.version.VersionUtil CACHE cache.
2022-01-16-16:18:05.309 INFO [main]-tk.mybatis.mapper.autoconfigure.MapperCacheDisabler:83>>Clear EntityHelper entityTableMap cache.
2022-01-16-16:18:05.354 INFO [main]-org.quartz.impl.StdSchedulerFactory:1220>>Using default implementation for ThreadExecutor
2022-01-16-16:18:05.362 INFO [main]-org.quartz.core.SchedulerSignalerImpl:61>>Initialized Scheduler Signaller of type: class org.quartz.core.SchedulerSignalerImpl
2022-01-16-16:18:05.362 INFO [main]-org.quartz.core.QuartzScheduler:229>>Quartz Scheduler v.2.3.2 created.
2022-01-16-16:18:05.363 INFO [main]-org.quartz.simpl.RAMJobStore:155>>RAMJobStore initialized.
2022-01-16-16:18:05.364 INFO [main]-org.quartz.core.QuartzScheduler:294>>Scheduler meta-data: Quartz Scheduler (v2.3.2) 'quartzScheduler' with instanceId 'NON_CLUSTERED'
  Scheduler class: 'org.quartz.core.QuartzScheduler' - running locally.
  NOT STARTED.
  Currently in standby mode.
  Number of jobs executed: 0
  Using thread pool 'org.quartz.simpl.SimpleThreadPool' - with 10 threads.
  Using job-store 'org.quartz.simpl.RAMJobStore' - which does not support persistence. and is not clustered.

2022-01-16-16:18:05.364 INFO [main]-org.quartz.impl.StdSchedulerFactory:1374>>Quartz scheduler 'quartzScheduler' initialized from an externally provided properties instance.
2022-01-16-16:18:05.364 INFO [main]-org.quartz.impl.StdSchedulerFactory:1378>>Quartz scheduler version: 2.3.2
2022-01-16-16:18:05.364 INFO [main]-org.quartz.core.QuartzScheduler:2293>>JobFactory set to: org.springframework.scheduling.quartz.SpringBeanJobFactory@6e829e50
2022-01-16-16:18:05.370 INFO [main]-org.springframework.scheduling.concurrent.ExecutorConfigurationSupport:181>>Initializing ExecutorService 'taskScheduler'
2022-01-16-16:18:05.415 INFO [main]-org.apache.juli.logging.DirectJDKLog:173>>Starting ProtocolHandler ["http-nio-8080"]
2022-01-16-16:18:05.432 INFO [main]-org.springframework.boot.web.embedded.tomcat.TomcatWebServer:220>>Tomcat started on port(s): 8080 (http) with context path ''
2022-01-16-16:18:05.433 INFO [main]-springfox.documentation.spring.web.plugins.DocumentationPluginsBootstrapper:160>>Context refreshed
2022-01-16-16:18:05.452 INFO [main]-springfox.documentation.spring.web.plugins.DocumentationPluginsBootstrapper:163>>Found 1 custom documentation plugin(s)
2022-01-16-16:18:05.479 INFO [main]-springfox.documentation.spring.web.scanners.ApiListingReferenceScanner:41>>Scanning for api listing references
2022-01-16-16:18:05.643 INFO [main]-springfox.documentation.spring.web.readers.operation.CachingOperationNameGenerator:40>>Generating unique operation named: listUsingGET_1
2022-01-16-16:18:05.662 INFO [main]-org.springframework.scheduling.quartz.SchedulerFactoryBean:727>>Starting Quartz Scheduler now
2022-01-16-16:18:05.662 INFO [main]-org.quartz.core.QuartzScheduler:547>>Scheduler quartzScheduler_$_NON_CLUSTERED started.
2022-01-16-16:18:05.673 INFO [main]-org.springframework.boot.StartupInfoLogger:61>>Started ApiApplication in 7.458 seconds (JVM running for 8.382)
2022-01-16-16:18:41.413 INFO [http-nio-8080-exec-1]-org.apache.juli.logging.DirectJDKLog:173>>Initializing Spring DispatcherServlet 'dispatcherServlet'
2022-01-16-16:18:41.413 INFO [http-nio-8080-exec-1]-org.springframework.web.servlet.FrameworkServlet:525>>Initializing Servlet 'dispatcherServlet'
2022-01-16-16:18:41.414 INFO [http-nio-8080-exec-1]-org.springframework.web.servlet.FrameworkServlet:547>>Completed initialization in 0 ms
2022-01-16-16:29:12.150 INFO [http-nio-8080-exec-6]-com.qfedu.fmmall.controller.UserController:38>>登录失败，用户名不存在！
2022-01-16-16:29:42.721 INFO [http-nio-8080-exec-9]-com.qfedu.fmmall.controller.UserController:38>>登录失败，用户名不存在！
2022-01-16-16:40:35.375 INFO [SpringContextShutdownHook]-org.quartz.core.QuartzScheduler:585>>Scheduler quartzScheduler_$_NON_CLUSTERED paused.
2022-01-16-16:40:35.911 INFO [SpringContextShutdownHook]-org.springframework.scheduling.concurrent.ExecutorConfigurationSupport:218>>Shutting down ExecutorService 'taskScheduler'
2022-01-16-16:40:35.914 INFO [SpringContextShutdownHook]-org.springframework.scheduling.quartz.SchedulerFactoryBean:845>>Shutting down Quartz Scheduler
2022-01-16-16:40:35.914 INFO [SpringContextShutdownHook]-org.quartz.core.QuartzScheduler:666>>Scheduler quartzScheduler_$_NON_CLUSTERED shutting down.
2022-01-16-16:40:35.914 INFO [SpringContextShutdownHook]-org.quartz.core.QuartzScheduler:585>>Scheduler quartzScheduler_$_NON_CLUSTERED paused.
2022-01-16-16:40:35.915 INFO [SpringContextShutdownHook]-org.quartz.core.QuartzScheduler:740>>Scheduler quartzScheduler_$_NON_CLUSTERED shutdown complete.
2022-01-16-16:40:35.919 INFO [SpringContextShutdownHook]-org.springframework.scheduling.concurrent.ExecutorConfigurationSupport:218>>Shutting down ExecutorService 'applicationTaskExecutor'
2022-01-16-16:40:35.924 INFO [SpringContextShutdownHook]-com.alibaba.druid.pool.DruidDataSource:2029>>{dataSource-1} closing ...
2022-01-16-16:40:35.930 INFO [SpringContextShutdownHook]-com.alibaba.druid.pool.DruidDataSource:2101>>{dataSource-1} closed
