2022-01-04-23:56:10.350 INFO [main]-org.springframework.boot.StartupInfoLogger:55>>Starting ApiApplication using Java 1.8.0_241 on dell with PID 26800 (G:\fm\03-锋迷商城-项目源码\my-fmmall\api\target\classes started by aa in G:\fm\03-锋迷商城-项目源码\my-fmmall)
2022-01-04-23:56:10.360 INFO [main]-org.springframework.boot.SpringApplication:662>>No active profile set, falling back to default profiles: default
2022-01-04-23:56:11.380 WARN [main]-org.mybatis.logging.Logger:44>>No MyBatis mapper was found in '[com.qfedu.fmmall]' package. Please check your configuration.
2022-01-04-23:56:11.780 INFO [main]-org.springframework.boot.web.embedded.tomcat.TomcatWebServer:108>>Tomcat initialized with port(s): 8080 (http)
2022-01-04-23:56:11.790 INFO [main]-org.apache.juli.logging.DirectJDKLog:173>>Initializing ProtocolHandler ["http-nio-8080"]
2022-01-04-23:56:11.790 INFO [main]-org.apache.juli.logging.DirectJDKLog:173>>Starting service [Tomcat]
2022-01-04-23:56:11.790 INFO [main]-org.apache.juli.logging.DirectJDKLog:173>>Starting Servlet engine: [Apache Tomcat/9.0.44]
2022-01-04-23:56:11.890 INFO [main]-org.apache.juli.logging.DirectJDKLog:173>>Initializing Spring embedded WebApplicationContext
2022-01-04-23:56:11.890 INFO [main]-org.springframework.boot.web.servlet.context.ServletWebServerApplicationContext:289>>Root WebApplicationContext: initialization completed in 1480 ms
2022-01-04-23:56:11.970 INFO [main]-com.alibaba.druid.spring.boot.autoconfigure.DruidDataSourceAutoConfigure:56>>Init DruidDataSource
2022-01-04-23:56:12.070 INFO [main]-com.alibaba.druid.pool.DruidDataSource:994>>{dataSource-1} inited
2022-01-04-23:56:13.123 INFO [main]-springfox.documentation.spring.web.PropertySourcedRequestMappingHandlerMapping:69>>Mapped URL path [/v2/api-docs] onto method [springfox.documentation.swagger2.web.Swagger2Controller#getDocumentation(String, HttpServletRequest)]
2022-01-04-23:56:13.220 INFO [main]-org.springframework.scheduling.concurrent.ExecutorConfigurationSupport:181>>Initializing ExecutorService 'applicationTaskExecutor'
2022-01-04-23:56:13.330 INFO [main]-tk.mybatis.mapper.autoconfigure.MapperCacheDisabler:60>>Clear tk.mybatis.mapper.util.MsUtil CLASS_CACHE cache.
2022-01-04-23:56:13.332 INFO [main]-tk.mybatis.mapper.autoconfigure.MapperCacheDisabler:60>>Clear tk.mybatis.mapper.genid.GenIdUtil CACHE cache.
2022-01-04-23:56:13.332 INFO [main]-tk.mybatis.mapper.autoconfigure.MapperCacheDisabler:60>>Clear tk.mybatis.mapper.version.VersionUtil CACHE cache.
2022-01-04-23:56:13.332 INFO [main]-tk.mybatis.mapper.autoconfigure.MapperCacheDisabler:83>>Clear EntityHelper entityTableMap cache.
2022-01-04-23:56:13.370 INFO [main]-org.quartz.impl.StdSchedulerFactory:1220>>Using default implementation for ThreadExecutor
2022-01-04-23:56:13.380 INFO [main]-org.quartz.core.SchedulerSignalerImpl:61>>Initialized Scheduler Signaller of type: class org.quartz.core.SchedulerSignalerImpl
2022-01-04-23:56:13.380 INFO [main]-org.quartz.core.QuartzScheduler:229>>Quartz Scheduler v.2.3.2 created.
2022-01-04-23:56:13.380 INFO [main]-org.quartz.simpl.RAMJobStore:155>>RAMJobStore initialized.
2022-01-04-23:56:13.380 INFO [main]-org.quartz.core.QuartzScheduler:294>>Scheduler meta-data: Quartz Scheduler (v2.3.2) 'quartzScheduler' with instanceId 'NON_CLUSTERED'
  Scheduler class: 'org.quartz.core.QuartzScheduler' - running locally.
  NOT STARTED.
  Currently in standby mode.
  Number of jobs executed: 0
  Using thread pool 'org.quartz.simpl.SimpleThreadPool' - with 10 threads.
  Using job-store 'org.quartz.simpl.RAMJobStore' - which does not support persistence. and is not clustered.

2022-01-04-23:56:13.380 INFO [main]-org.quartz.impl.StdSchedulerFactory:1374>>Quartz scheduler 'quartzScheduler' initialized from an externally provided properties instance.
2022-01-04-23:56:13.380 INFO [main]-org.quartz.impl.StdSchedulerFactory:1378>>Quartz scheduler version: 2.3.2
2022-01-04-23:56:13.380 INFO [main]-org.quartz.core.QuartzScheduler:2293>>JobFactory set to: org.springframework.scheduling.quartz.SpringBeanJobFactory@1f87607c
2022-01-04-23:56:13.390 INFO [main]-org.springframework.scheduling.concurrent.ExecutorConfigurationSupport:181>>Initializing ExecutorService 'taskScheduler'
2022-01-04-23:56:13.430 INFO [main]-org.apache.juli.logging.DirectJDKLog:173>>Starting ProtocolHandler ["http-nio-8080"]
2022-01-04-23:56:13.449 INFO [main]-org.springframework.boot.web.embedded.tomcat.TomcatWebServer:220>>Tomcat started on port(s): 8080 (http) with context path ''
2022-01-04-23:56:13.450 INFO [main]-springfox.documentation.spring.web.plugins.DocumentationPluginsBootstrapper:160>>Context refreshed
2022-01-04-23:56:13.460 INFO [main]-springfox.documentation.spring.web.plugins.DocumentationPluginsBootstrapper:163>>Found 1 custom documentation plugin(s)
2022-01-04-23:56:13.480 INFO [main]-springfox.documentation.spring.web.scanners.ApiListingReferenceScanner:41>>Scanning for api listing references
2022-01-04-23:56:13.620 INFO [main]-springfox.documentation.spring.web.readers.operation.CachingOperationNameGenerator:40>>Generating unique operation named: listUsingGET_1
2022-01-04-23:56:13.645 INFO [main]-org.springframework.scheduling.quartz.SchedulerFactoryBean:727>>Starting Quartz Scheduler now
2022-01-04-23:56:13.645 INFO [main]-org.quartz.core.QuartzScheduler:547>>Scheduler quartzScheduler_$_NON_CLUSTERED started.
2022-01-04-23:56:13.650 INFO [main]-org.springframework.boot.StartupInfoLogger:61>>Started ApiApplication in 3.827 seconds (JVM running for 4.917)
2022-01-04-23:56:54.110 INFO [SpringContextShutdownHook]-org.quartz.core.QuartzScheduler:585>>Scheduler quartzScheduler_$_NON_CLUSTERED paused.
2022-01-04-23:56:54.303 INFO [SpringContextShutdownHook]-org.springframework.scheduling.concurrent.ExecutorConfigurationSupport:218>>Shutting down ExecutorService 'taskScheduler'
2022-01-04-23:56:54.303 INFO [SpringContextShutdownHook]-org.springframework.scheduling.quartz.SchedulerFactoryBean:845>>Shutting down Quartz Scheduler
2022-01-04-23:56:54.303 INFO [SpringContextShutdownHook]-org.quartz.core.QuartzScheduler:666>>Scheduler quartzScheduler_$_NON_CLUSTERED shutting down.
2022-01-04-23:56:54.303 INFO [SpringContextShutdownHook]-org.quartz.core.QuartzScheduler:585>>Scheduler quartzScheduler_$_NON_CLUSTERED paused.
2022-01-04-23:56:54.303 INFO [SpringContextShutdownHook]-org.quartz.core.QuartzScheduler:740>>Scheduler quartzScheduler_$_NON_CLUSTERED shutdown complete.
2022-01-04-23:56:54.303 INFO [SpringContextShutdownHook]-org.springframework.scheduling.concurrent.ExecutorConfigurationSupport:218>>Shutting down ExecutorService 'applicationTaskExecutor'
2022-01-04-23:56:54.310 INFO [SpringContextShutdownHook]-com.alibaba.druid.pool.DruidDataSource:2029>>{dataSource-1} closing ...
2022-01-04-23:56:54.310 INFO [SpringContextShutdownHook]-com.alibaba.druid.pool.DruidDataSource:2101>>{dataSource-1} closed
